number is 1
number is 2
number is 3
number is 4
number is 5
number is 1
number is 2
number is 3
number is 4
number is 5
number is 6
number is 7
number is 8
number is 9
number is 10
word is : Saksham
word is : is
word is : my
word is : name
printing the number is : 1 
printing the number is : 2 
printing the number is : 3 
printing the number is : 4 
printing the number is : 5 
printing the number is : 6 
printing the number is : 7 
printing the number is : 8 
printing the number is : 9 
printing the number is : 10 
